This is pdfTeX, Version 3.141592653-2.6-1.40.22 (TeX Live 2022/dev/Debian) (preloaded format=pdflatex 2023.9.30)  13 NOV 2023 09:43
entering extended mode
 restricted \write18 enabled.
 file:line:error style messages enabled.
 %&-line parsing enabled.
**/home/neg/Documents/dev/ed_ufmg/TP02/doc/document.tex
(/home/neg/Documents/dev/ed_ufmg/TP02/doc/document.tex
LaTeX2e <2021-11-15> patch level 1
L3 programming layer <2022-01-21> (/usr/share/texlive/texmf-dist/tex/latex/base/article.cls
Document Class: article 2021/10/04 v1.4n Standard LaTeX document class
(/usr/share/texlive/texmf-dist/tex/latex/base/size10.clo
File: size10.clo 2021/10/04 v1.4n Standard LaTeX file (size option)
)
\c@part=\count185
\c@section=\count186
\c@subsection=\count187
\c@subsubsection=\count188
\c@paragraph=\count189
\c@subparagraph=\count190
\c@figure=\count191
\c@table=\count192
\abovecaptionskip=\skip47
\belowcaptionskip=\skip48
\bibindent=\dimen138
) (/usr/share/texlive/texmf-dist/tex/latex/graphics/graphics.sty
Package: graphics 2021/03/04 v1.4d Standard LaTeX Graphics (DPC,SPQR)
 (/usr/share/texlive/texmf-dist/tex/latex/graphics/trig.sty
Package: trig 2021/08/11 v1.11 sin cos tan (DPC)
) (/usr/share/texlive/texmf-dist/tex/latex/graphics-cfg/graphics.cfg
File: graphics.cfg 2016/06/04 v1.11 sample graphics configuration
)
Package graphics Info: Driver file: pdftex.def on input line 107.
 (/usr/share/texlive/texmf-dist/tex/latex/graphics-def/pdftex.def
File: pdftex.def 2020/10/05 v1.2a Graphics/color driver for pdftex
)) (/usr/share/texlive/texmf-dist/tex/latex/graphics/graphicx.sty
Package: graphicx 2021/09/16 v1.2d Enhanced LaTeX Graphics (DPC,SPQR)
 (/usr/share/texlive/texmf-dist/tex/latex/graphics/keyval.sty
Package: keyval 2014/10/28 v1.15 key=value parser (DPC)
\KV@toks@=\toks16
)
\Gin@req@height=\dimen139
\Gin@req@width=\dimen140
) (/usr/share/texlive/texmf-dist/tex/latex/geometry/geometry.sty
Package: geometry 2020/01/02 v5.9 Page Geometry
 (/usr/share/texlive/texmf-dist/tex/generic/iftex/ifvtex.sty
Package: ifvtex 2019/10/25 v1.7 ifvtex legacy package. Use iftex instead.
 (/usr/share/texlive/texmf-dist/tex/generic/iftex/iftex.sty
Package: iftex 2020/03/06 v1.0d TeX engine tests
))
\Gm@cnth=\count193
\Gm@cntv=\count194
\c@Gm@tempcnt=\count195
\Gm@bindingoffset=\dimen141
\Gm@wd@mp=\dimen142
\Gm@odd@mp=\dimen143
\Gm@even@mp=\dimen144
\Gm@layoutwidth=\dimen145
\Gm@layoutheight=\dimen146
\Gm@layouthoffset=\dimen147
\Gm@layoutvoffset=\dimen148
\Gm@dimlist=\toks17
) (/usr/share/texlive/texmf-dist/tex/latex/float/float.sty
Package: float 2001/11/08 v1.3d Float enhancements (AL)
\c@float@type=\count196
\float@exts=\toks18
\float@box=\box50
\@float@everytoks=\toks19
\@floatcapt=\box51
) (/usr/share/texlive/texmf-dist/tex/latex/caption/subcaption.sty
Package: subcaption 2020/10/07 v1.3j Sub-captions (AR)
 (/usr/share/texlive/texmf-dist/tex/latex/caption/caption.sty
Package: caption 2020/10/26 v3.5g Customizing captions (AR)
 (/usr/share/texlive/texmf-dist/tex/latex/caption/caption3.sty
Package: caption3 2020/10/21 v2.2e caption3 kernel (AR)
\captionmargin=\dimen149
\captionmargin@=\dimen150
\captionwidth=\dimen151
\caption@tempdima=\dimen152
\caption@indent=\dimen153
\caption@parindent=\dimen154
\caption@hangindent=\dimen155
Package caption Info: Standard document class detected.
)
\c@caption@flags=\count197
\c@continuedfloat=\count198
Package caption Info: float package is loaded.
)
\c@subfigure=\count199
\c@subtable=\count266
) (/usr/share/texlive/texmf-dist/tex/latex/l3backend/l3backend-pdftex.def
File: l3backend-pdftex.def 2022-01-12 L3 backend support: PDF output (pdfTeX)
\l__color_backend_stack_int=\count267
\l__pdf_internal_box=\box52
) (./document.aux)
\openout1 = `document.aux'.

LaTeX Font Info:    Checking defaults for OML/cmm/m/it on input line 20.
LaTeX Font Info:    ... okay on input line 20.
LaTeX Font Info:    Checking defaults for OMS/cmsy/m/n on input line 20.
LaTeX Font Info:    ... okay on input line 20.
LaTeX Font Info:    Checking defaults for OT1/cmr/m/n on input line 20.
LaTeX Font Info:    ... okay on input line 20.
LaTeX Font Info:    Checking defaults for T1/cmr/m/n on input line 20.
LaTeX Font Info:    ... okay on input line 20.
LaTeX Font Info:    Checking defaults for TS1/cmr/m/n on input line 20.
LaTeX Font Info:    ... okay on input line 20.
LaTeX Font Info:    Checking defaults for OMX/cmex/m/n on input line 20.
LaTeX Font Info:    ... okay on input line 20.
LaTeX Font Info:    Checking defaults for U/cmr/m/n on input line 20.
LaTeX Font Info:    ... okay on input line 20.
 (/usr/share/texlive/texmf-dist/tex/context/base/mkii/supp-pdf.mkii
[Loading MPS to PDF converter (version 2006.09.02).]
\scratchcounter=\count268
\scratchdimen=\dimen156
\scratchbox=\box53
\nofMPsegments=\count269
\nofMParguments=\count270
\everyMPshowfont=\toks20
\MPscratchCnt=\count271
\MPscratchDim=\dimen157
\MPnumerator=\count272
\makeMPintoPDFobject=\count273
\everyMPtoPDFconversion=\toks21
) (/usr/share/texlive/texmf-dist/tex/latex/epstopdf-pkg/epstopdf-base.sty
Package: epstopdf-base 2020-01-24 v2.11 Base part for package epstopdf
Package epstopdf-base Info: Redefining graphics rule for `.eps' on input line 485.
 (/usr/share/texlive/texmf-dist/tex/latex/latexconfig/epstopdf-sys.cfg
File: epstopdf-sys.cfg 2010/07/13 v1.3 Configuration of (r)epstopdf for TeX Live
))
*geometry* driver: auto-detecting
*geometry* detected driver: pdftex
*geometry* verbose mode - [ preamble ] result:
* driver: pdftex
* paper: a4paper
* layout: <same size as paper>
* layoutoffset:(h,v)=(0.0pt,0.0pt)
* modes: 
* h-part:(L,W,R)=(85.35826pt, 455.24411pt, 56.9055pt)
* v-part:(T,H,B)=(56.9055pt, 702.78308pt, 85.35826pt)
* \paperwidth=597.50787pt
* \paperheight=845.04684pt
* \textwidth=455.24411pt
* \textheight=702.78308pt
* \oddsidemargin=13.08827pt
* \evensidemargin=13.08827pt
* \topmargin=-52.36449pt
* \headheight=12.0pt
* \headsep=25.0pt
* \topskip=10.0pt
* \footskip=30.0pt
* \marginparwidth=49.79231pt
* \marginparsep=11.0pt
* \columnsep=10.0pt
* \skip\footins=9.0pt plus 4.0pt minus 2.0pt
* \hoffset=0.0pt
* \voffset=0.0pt
* \mag=1000
* \@twocolumnfalse
* \@twosidefalse
* \@mparswitchfalse
* \@reversemarginfalse
* (1in=72.27pt=25.4mm, 1cm=28.453pt)

Package caption Info: Begin \AtBeginDocument code.
Package caption Info: End \AtBeginDocument code.
LaTeX Font Info:    External font `cmex10' loaded for size
(Font)              <12> on input line 21.
LaTeX Font Info:    External font `cmex10' loaded for size
(Font)              <8> on input line 21.
LaTeX Font Info:    External font `cmex10' loaded for size
(Font)              <6> on input line 21.
LaTeX Font Info:    External font `cmex10' loaded for size
(Font)              <7> on input line 27.
LaTeX Font Info:    External font `cmex10' loaded for size
(Font)              <5> on input line 27.
[1

{/var/lib/texmf/fonts/map/pdftex/updmap/pdftex.map}] [2]
<./images/100-200/common/registro_a-hist-1-0.png, id=18, 481.8pt x 361.35pt>
File: ./images/100-200/common/registro_a-hist-1-0.png Graphic file (type png)
<use ./images/100-200/common/registro_a-hist-1-0.png>
Package pdftex.def Info: ./images/100-200/common/registro_a-hist-1-0.png  used on input line 168.
(pdftex.def)             Requested size: 182.09486pt x 136.57007pt.
<./images/100-200/common/registro_a-hist-1-1.png, id=19, 481.8pt x 361.35pt>
File: ./images/100-200/common/registro_a-hist-1-1.png Graphic file (type png)
<use ./images/100-200/common/registro_a-hist-1-1.png>
Package pdftex.def Info: ./images/100-200/common/registro_a-hist-1-1.png  used on input line 175.
(pdftex.def)             Requested size: 182.09486pt x 136.57007pt.
 [3]
<./images/100-200/bubblesort/registro_a-distp-1.png, id=25, 481.8pt x 361.35pt>
File: ./images/100-200/bubblesort/registro_a-distp-1.png Graphic file (type png)
<use ./images/100-200/bubblesort/registro_a-distp-1.png>
Package pdftex.def Info: ./images/100-200/bubblesort/registro_a-distp-1.png  used on input line 197.
(pdftex.def)             Requested size: 182.09486pt x 136.57007pt.
<./images/100-200/selectionsort/registro_a-distp-1.png, id=26, 481.8pt x 361.35pt>
File: ./images/100-200/selectionsort/registro_a-distp-1.png Graphic file (type png)
<use ./images/100-200/selectionsort/registro_a-distp-1.png>
Package pdftex.def Info: ./images/100-200/selectionsort/registro_a-distp-1.png  used on input line 204.
(pdftex.def)             Requested size: 182.09486pt x 136.57007pt.
<./images/100-200/inserctionsort/registro_a-distp-1.png, id=27, 481.8pt x 361.35pt>
File: ./images/100-200/inserctionsort/registro_a-distp-1.png Graphic file (type png)
<use ./images/100-200/inserctionsort/registro_a-distp-1.png>
Package pdftex.def Info: ./images/100-200/inserctionsort/registro_a-distp-1.png  used on input line 211.
(pdftex.def)             Requested size: 182.09486pt x 136.57007pt.
<./images/100-200/heapsort/registro_a-distp-1.png, id=28, 481.8pt x 361.35pt>
File: ./images/100-200/heapsort/registro_a-distp-1.png Graphic file (type png)
<use ./images/100-200/heapsort/registro_a-distp-1.png>
Package pdftex.def Info: ./images/100-200/heapsort/registro_a-distp-1.png  used on input line 218.
(pdftex.def)             Requested size: 182.09486pt x 136.57007pt.
<./images/100-200/quickSort/registro_a-distp-1.png, id=29, 481.8pt x 361.35pt>
File: ./images/100-200/quickSort/registro_a-distp-1.png Graphic file (type png)
<use ./images/100-200/quickSort/registro_a-distp-1.png>
Package pdftex.def Info: ./images/100-200/quickSort/registro_a-distp-1.png  used on input line 225.
(pdftex.def)             Requested size: 182.09486pt x 136.57007pt.
<./images/100-200/mergesort/registro_a-distp-1.png, id=30, 481.8pt x 361.35pt>
File: ./images/100-200/mergesort/registro_a-distp-1.png Graphic file (type png)
<use ./images/100-200/mergesort/registro_a-distp-1.png>
Package pdftex.def Info: ./images/100-200/mergesort/registro_a-distp-1.png  used on input line 232.
(pdftex.def)             Requested size: 182.09486pt x 136.57007pt.
<./images/100-200/my_sort/registro_a-distp-1.png, id=31, 481.8pt x 361.35pt>
File: ./images/100-200/my_sort/registro_a-distp-1.png Graphic file (type png)
<use ./images/100-200/my_sort/registro_a-distp-1.png>
Package pdftex.def Info: ./images/100-200/my_sort/registro_a-distp-1.png  used on input line 239.
(pdftex.def)             Requested size: 182.09486pt x 136.57007pt.
 [4 <./images/100-200/common/registro_a-hist-1-0.png> <./images/100-200/common/registro_a-hist-1-1.png>] [5 <./images/100-200/bubblesort/registro_a-distp-1.png> <./images/100-200/selectionsort/registro_a-distp-1.png> <./images/100-200/inserctionsort/registro_a-distp-1.png> <./images/100-200/heapsort/registro_a-distp-1.png> <./images/100-200/quickSort/registro_a-distp-1.png> <./images/100-200/mergesort/registro_a-distp-1.png> <./images/100-200/my_sort/registro_a-distp-1.png>] [6] (./document.aux) ) 
Here is how much of TeX's memory you used:
 3354 strings out of 480247
 60778 string characters out of 5896151
 357832 words of memory out of 5000000
 21295 multiletter control sequences out of 15000+600000
 474662 words of font info for 46 fonts, out of 8000000 for 9000
 14 hyphenation exceptions out of 8191
 67i,9n,77p,839b,466s stack positions out of 5000i,500n,10000p,200000b,80000s
 </home/neg/.texlive2021/texmf-var/fonts/pk/ljfour/jknappen/ec/tcrm1000.600pk></usr/share/texlive/texmf-dist/fonts/type1/public/amsfonts/cm/cmbx10.pfb></usr/share/texlive/texmf-dist/fonts/type1/public/amsfonts/cm/cmbx12.pfb></usr/share/texlive/texmf-dist/fonts/type1/public/amsfonts/cm/cmmi10.pfb></usr/share/texlive/texmf-dist/fonts/type1/public/amsfonts/cm/cmmi7.pfb></usr/share/texlive/texmf-dist/fonts/type1/public/amsfonts/cm/cmr10.pfb></usr/share/texlive/texmf-dist/fonts/type1/public/amsfonts/cm/cmr12.pfb></usr/share/texlive/texmf-dist/fonts/type1/public/amsfonts/cm/cmr17.pfb></usr/share/texlive/texmf-dist/fonts/type1/public/amsfonts/cm/cmr9.pfb></usr/share/texlive/texmf-dist/fonts/type1/public/amsfonts/cm/cmsy10.pfb></usr/share/texlive/texmf-dist/fonts/type1/public/amsfonts/cm/cmti10.pfb></usr/share/texlive/texmf-dist/fonts/type1/public/amsfonts/cm/cmtt10.pfb>
Output written on document.pdf (6 pages, 206739 bytes).
PDF statistics:
 101 PDF objects out of 1000 (max. 8388607)
 51 compressed objects within 1 object stream
 0 named destinations out of 1000 (max. 500000)
 46 words of extra memory for PDF output out of 10000 (max. 10000000)

